
Registered doParallelSNOW with 2 workers

Using 3 datapoints
Calculating auxiliary metadata

 ************************** 
 Saving output in directory
 output_partial_3 
 ************************** 
Starting Monte Carlo sampling of 3600 samples by 60 chains
in a space of 1727 (effectively 3841) dimensions.
Using 2 cores: 60 samples per chain, 30 chains per core.
Core logs are being saved in individual files.

C-compiling samplers appropriate to the variates (package Nimble)
this can take tens of minutes with many data or variates.
Please wait...Compiled core 1. Number of samplers: 2013.
Estimating remaining time, please be patient...double free or corruption (out)
double free or corruption (out)
Error in unserialize(socklist[[n]]) : error reading from connection
Calls: learn ... recvOneData -> recvOneData.SOCKcluster -> unserialize

Closing connections to cores.
Execution halted
